\BOOKMARK [0][-]{chapter.1}{Einleitung und Problemstellung}{}% 1
\BOOKMARK [0][-]{chapter.2}{Word2Vec}{}% 2
\BOOKMARK [1][-]{section.2.1}{Word Embedding}{chapter.2}% 3
\BOOKMARK [2][-]{subsection.2.1.1}{Implementierung}{section.2.1}% 4
\BOOKMARK [0][-]{chapter.3}{Glove}{}% 5
\BOOKMARK [1][-]{section.3.1}{The GloVe Method}{chapter.3}% 6
\BOOKMARK [0][-]{chapter.4}{Der Transformer}{}% 7
\BOOKMARK [1][-]{section.4.1}{Struktur des Transformers}{chapter.4}% 8
\BOOKMARK [2][-]{subsection.4.1.1}{Positionale Einbettung}{section.4.1}% 9
\BOOKMARK [2][-]{subsection.4.1.2}{Encoder und Decoder}{section.4.1}% 10
\BOOKMARK [1][-]{section.4.2}{Implementierung}{chapter.4}% 11
\BOOKMARK [0][-]{chapter.5}{BERT}{}% 12
\BOOKMARK [1][-]{section.5.1}{Struktur des BERTs}{chapter.5}% 13
\BOOKMARK [1][-]{section.5.2}{Implentierung}{chapter.5}% 14
\BOOKMARK [2][-]{subsection.5.2.1}{Pre-Training a BERT-Model}{section.5.2}% 15
\BOOKMARK [2][-]{subsection.5.2.2}{Erstellen von Eingabe und Klasse}{section.5.2}% 16
\BOOKMARK [2][-]{subsection.5.2.3}{Fine-Tuning a BERT-Model}{section.5.2}% 17
\BOOKMARK [0][-]{chapter.6}{BERT-Basierte Modelle}{}% 18
\BOOKMARK [1][-]{section.6.1}{Neural Machine Translation Model}{chapter.6}% 19
\BOOKMARK [2][-]{subsection.6.1.1}{Struktur des NMT-Model}{section.6.1}% 20
\BOOKMARK [2][-]{subsection.6.1.2}{Implementierung}{section.6.1}% 21
\BOOKMARK [0][-]{chapter.7}{Vektordarstellung}{}% 22
\BOOKMARK [1][-]{section.7.1}{Einleitung}{chapter.7}% 23
\BOOKMARK [1][-]{section.7.2}{Prozess}{chapter.7}% 24
\BOOKMARK [0][-]{chapter.8}{Zusammenfassung und Ausblick}{}% 25
\BOOKMARK [0][-]{chapter*.31}{Literaturverzeichnis}{}% 26
\BOOKMARK [0][-]{appendix.A}{Glossar}{}% 27
\BOOKMARK [0][-]{appendix.B}{Erklng der Kandidatin / des Kandidaten}{}% 28
