This is pdfTeX, Version 3.141592653-2.6-1.40.24 (MiKTeX 21.12) (preloaded format=pdflatex 2022.3.18)  25 MAY 2022 08:29
entering extended mode
 restricted \write18 enabled.
 %&-line parsing enabled.
**./vorlage.tex
(vorlage.tex
LaTeX2e <2021-11-15> patch level 1
L3 programming layer <2021-11-22> (i-studis.cls
Document Class: i-studis 2005/09/23 v4.11 
Springer Verlag global LaTeX document class for monographs
(C:\Users\Vladislav\AppData\Local\Programs\MiKTeX\tex/latex/url\url.sty
\Urlmuskip=\muskip16
Package: url 2013/09/16  ver 3.4  Verb mode for urls, etc.
)

Class Springer-SVMono Warning: Specified option or subpackage "ngerman" 
(Springer-SVMono)              not found passing it to article class 
(Springer-SVMono)              - on input line 266.

Class Springer-SVMono Info: extra/valid Springer sub-package 
(Springer-SVMono)           not found in option list - using "global" style.
(C:\Users\Vladislav\AppData\Local\Programs\MiKTeX\tex/latex/base\article.cls
Document Class: article 2021/10/04 v1.4n Standard LaTeX document class
(C:\Users\Vladislav\AppData\Local\Programs\MiKTeX\tex/latex/base\size12.clo
File: size12.clo 2021/10/04 v1.4n Standard LaTeX file (size option)
)
\c@part=\count183
\c@section=\count184
\c@subsection=\count185
\c@subsubsection=\count186
\c@paragraph=\count187
\c@subparagraph=\count188
\c@figure=\count189
\c@table=\count190
\abovecaptionskip=\skip47
\belowcaptionskip=\skip48
\bibindent=\dimen138
)
\betweenumberspace=\dimen139
\headlineindent=\dimen140
\c@chapter=\count191
\chapstarthookwidth=\dimen141
\svitemindent=\dimen142
\verbatimindent=\dimen143
LaTeX Font Info:    Redeclaring math symbol \Gamma on input line 738.
LaTeX Font Info:    Redeclaring math symbol \Delta on input line 739.
LaTeX Font Info:    Redeclaring math symbol \Theta on input line 740.
LaTeX Font Info:    Redeclaring math symbol \Lambda on input line 741.
LaTeX Font Info:    Redeclaring math symbol \Xi on input line 742.
LaTeX Font Info:    Redeclaring math symbol \Pi on input line 743.
LaTeX Font Info:    Redeclaring math symbol \Sigma on input line 744.
LaTeX Font Info:    Redeclaring math symbol \Upsilon on input line 745.
LaTeX Font Info:    Redeclaring math symbol \Phi on input line 746.
LaTeX Font Info:    Redeclaring math symbol \Psi on input line 747.
LaTeX Font Info:    Redeclaring math symbol \Omega on input line 748.
\tocchpnum=\dimen144
\tocsecnum=\dimen145
\tocsectotal=\dimen146
\tocsubsecnum=\dimen147
\tocsubsectotal=\dimen148
\tocsubsubsecnum=\dimen149
\tocsubsubsectotal=\dimen150
\tocparanum=\dimen151
\tocparatotal=\dimen152
\tocsubparanum=\dimen153
\foot@parindent=\dimen154
\spthmsep=\dimen155
\c@theorem=\count192
\c@prob=\count193
\instindent=\dimen156
\figgap=\dimen157
\figcapgap=\dimen158
\tabcapgap=\dimen159
\c@merk=\count194
)
(C:\Users\Vladislav\AppData\Local\Programs\MiKTeX\tex/latex/base\makeidx.sty
Package: makeidx 2021/10/04 v1.0m Standard LaTeX package
)
(C:\Users\Vladislav\AppData\Local\Programs\MiKTeX\tex/latex/tools\multicol.sty
Package: multicol 2021/10/28 v1.9b multicolumn formatting (FMi)
\c@tracingmulticols=\count195
\mult@box=\box50
\multicol@leftmargin=\dimen160
\c@unbalance=\count196
\c@collectmore=\count197
\doublecol@number=\count198
\multicoltolerance=\count199
\multicolpretolerance=\count266
\full@width=\dimen161
\page@free=\dimen162
\premulticols=\dimen163
\postmulticols=\dimen164
\multicolsep=\skip49
\multicolbaselineskip=\skip50
\partial@page=\box51
\last@line=\box52
\maxbalancingoverflow=\dimen165
\mult@rightbox=\box53
\mult@grightbox=\box54
\mult@firstbox=\box55
\mult@gfirstbox=\box56
\@tempa=\box57
\@tempa=\box58
\@tempa=\box59
\@tempa=\box60
\@tempa=\box61
\@tempa=\box62
\@tempa=\box63
\@tempa=\box64
\@tempa=\box65
\@tempa=\box66
\@tempa=\box67
\@tempa=\box68
\@tempa=\box69
\@tempa=\box70
\@tempa=\box71
\@tempa=\box72
\@tempa=\box73
\@tempa=\box74
\@tempa=\box75
\@tempa=\box76
\@tempa=\box77
\@tempa=\box78
\@tempa=\box79
\@tempa=\box80
\@tempa=\box81
\@tempa=\box82
\@tempa=\box83
\@tempa=\box84
\@tempa=\box85
\@tempa=\box86
\@tempa=\box87
\@tempa=\box88
\@tempa=\box89
\@tempa=\box90
\@tempa=\box91
\@tempa=\box92
\c@minrows=\count267
\c@columnbadness=\count268
\c@finalcolumnbadness=\count269
\last@try=\dimen166
\multicolovershoot=\dimen167
\multicolundershoot=\dimen168
\mult@nat@firstbox=\box93
\colbreak@box=\box94
\mc@col@check@num=\count270
)
(C:\Users\Vladislav\AppData\Local\Programs\MiKTeX\tex/latex/graphics\graphicx.s
ty
Package: graphicx 2021/09/16 v1.2d Enhanced LaTeX Graphics (DPC,SPQR)

(C:\Users\Vladislav\AppData\Local\Programs\MiKTeX\tex/latex/graphics\keyval.sty
Package: keyval 2014/10/28 v1.15 key=value parser (DPC)
\KV@toks@=\toks16
)
(C:\Users\Vladislav\AppData\Local\Programs\MiKTeX\tex/latex/graphics\graphics.s
ty
Package: graphics 2021/03/04 v1.4d Standard LaTeX Graphics (DPC,SPQR)

(C:\Users\Vladislav\AppData\Local\Programs\MiKTeX\tex/latex/graphics\trig.sty
Package: trig 2021/08/11 v1.11 sin cos tan (DPC)
)
(C:\Users\Vladislav\AppData\Local\Programs\MiKTeX\tex/latex/graphics-cfg\graphi
cs.cfg
File: graphics.cfg 2016/06/04 v1.11 sample graphics configuration
)
Package graphics Info: Driver file: pdftex.def on input line 107.

(C:\Users\Vladislav\AppData\Local\Programs\MiKTeX\tex/latex/graphics-def\pdftex
.def
File: pdftex.def 2020/10/05 v1.2a Graphics/color driver for pdftex
))
\Gin@req@height=\dimen169
\Gin@req@width=\dimen170
)
(C:\Users\Vladislav\AppData\Local\Programs\MiKTeX\tex/latex/epstopdf-pkg\epstop
df.sty
Package: epstopdf 2020-01-24 v2.11 Conversion with epstopdf on the fly (HO)

(C:\Users\Vladislav\AppData\Local\Programs\MiKTeX\tex/generic/infwarerr\infware
rr.sty
Package: infwarerr 2019/12/03 v1.5 Providing info/warning/error messages (HO)
)
(C:\Users\Vladislav\AppData\Local\Programs\MiKTeX\tex/latex/grfext\grfext.sty
Package: grfext 2019/12/03 v1.3 Manage graphics extensions (HO)

(C:\Users\Vladislav\AppData\Local\Programs\MiKTeX\tex/generic/kvdefinekeys\kvde
finekeys.sty
Package: kvdefinekeys 2019-12-19 v1.6 Define keys (HO)
))
(C:\Users\Vladislav\AppData\Local\Programs\MiKTeX\tex/latex/kvoptions\kvoptions
.sty
Package: kvoptions 2020-10-07 v3.14 Key value format for package options (HO)

(C:\Users\Vladislav\AppData\Local\Programs\MiKTeX\tex/generic/ltxcmds\ltxcmds.s
ty
Package: ltxcmds 2020-05-10 v1.25 LaTeX kernel commands for general use (HO)
)
(C:\Users\Vladislav\AppData\Local\Programs\MiKTeX\tex/generic/kvsetkeys\kvsetke
ys.sty
Package: kvsetkeys 2019/12/15 v1.18 Key value parser (HO)
))
(C:\Users\Vladislav\AppData\Local\Programs\MiKTeX\tex/generic/pdftexcmds\pdftex
cmds.sty
Package: pdftexcmds 2020-06-27 v0.33 Utility functions of pdfTeX for LuaTeX (HO
)

(C:\Users\Vladislav\AppData\Local\Programs\MiKTeX\tex/generic/iftex\iftex.sty
Package: iftex 2020/03/06 v1.0d TeX engine tests
)
Package pdftexcmds Info: \pdf@primitive is available.
Package pdftexcmds Info: \pdf@ifprimitive is available.
Package pdftexcmds Info: \pdfdraftmode found.
)
(C:\Users\Vladislav\AppData\Local\Programs\MiKTeX\tex/latex/epstopdf-pkg\epstop
df-base.sty
Package: epstopdf-base 2020-01-24 v2.11 Base part for package epstopdf
Package epstopdf-base Info: Redefining graphics rule for `.eps' on input line 4
85.
Package grfext Info: Graphics extension search list:
(grfext)             [.pdf,.png,.jpg,.mps,.jpeg,.jbig2,.jb2,.PDF,.PNG,.JPG,.JPE
G,.JBIG2,.JB2,.eps]
(grfext)             \AppendGraphicsExtensions on input line 504.

(C:\Users\Vladislav\AppData\Local\Programs\MiKTeX\tex/latex/00miktex\epstopdf-s
ys.cfg
File: epstopdf-sys.cfg 2021/03/18 v2.0 Configuration of epstopdf for MiKTeX
)))
(C:\Users\Vladislav\AppData\Local\Programs\MiKTeX\tex/latex/hyperref\hyperref.s
ty
Package: hyperref 2021-06-07 v7.00m Hypertext links for LaTeX

(C:\Users\Vladislav\AppData\Local\Programs\MiKTeX\tex/generic/pdfescape\pdfesca
pe.sty
Package: pdfescape 2019/12/09 v1.15 Implements pdfTeX's escape features (HO)
)
(C:\Users\Vladislav\AppData\Local\Programs\MiKTeX\tex/latex/hycolor\hycolor.sty
Package: hycolor 2020-01-27 v1.10 Color options for hyperref/bookmark (HO)
)
(C:\Users\Vladislav\AppData\Local\Programs\MiKTeX\tex/latex/letltxmacro\letltxm
acro.sty
Package: letltxmacro 2019/12/03 v1.6 Let assignment for LaTeX macros (HO)
)
(C:\Users\Vladislav\AppData\Local\Programs\MiKTeX\tex/latex/auxhook\auxhook.sty
Package: auxhook 2019-12-17 v1.6 Hooks for auxiliary files (HO)
)
\@linkdim=\dimen171
\Hy@linkcounter=\count271
\Hy@pagecounter=\count272

(C:\Users\Vladislav\AppData\Local\Programs\MiKTeX\tex/latex/hyperref\pd1enc.def
File: pd1enc.def 2021-06-07 v7.00m Hyperref: PDFDocEncoding definition (HO)
Now handling font encoding PD1 ...
... no UTF-8 mapping file for font encoding PD1
)
(C:\Users\Vladislav\AppData\Local\Programs\MiKTeX\tex/latex/hyperref\hyperref-l
angpatches.def
File: hyperref-langpatches.def 2021-06-07 v7.00m Hyperref: patches for babel la
nguages
)
(C:\Users\Vladislav\AppData\Local\Programs\MiKTeX\tex/generic/intcalc\intcalc.s
ty
Package: intcalc 2019/12/15 v1.3 Expandable calculations with integers (HO)
)
(C:\Users\Vladislav\AppData\Local\Programs\MiKTeX\tex/generic/etexcmds\etexcmds
.sty
Package: etexcmds 2019/12/15 v1.7 Avoid name clashes with e-TeX commands (HO)
)
\Hy@SavedSpaceFactor=\count273

(C:\Users\Vladislav\AppData\Local\Programs\MiKTeX\tex/latex/hyperref\puenc.def
File: puenc.def 2021-06-07 v7.00m Hyperref: PDF Unicode definition (HO)
Now handling font encoding PU ...
... no UTF-8 mapping file for font encoding PU
)
Package hyperref Info: Option `plainpages' set `false' on input line 4073.
Package hyperref Info: Hyper figures OFF on input line 4192.
Package hyperref Info: Link nesting OFF on input line 4197.
Package hyperref Info: Hyper index ON on input line 4200.
Package hyperref Info: Plain pages OFF on input line 4207.
Package hyperref Info: Backreferencing OFF on input line 4212.
Package hyperref Info: Implicit mode ON; LaTeX internals redefined.
Package hyperref Info: Bookmarks ON on input line 4445.
\c@Hy@tempcnt=\count274
LaTeX Info: Redefining \url on input line 4804.
\XeTeXLinkMargin=\dimen172

(C:\Users\Vladislav\AppData\Local\Programs\MiKTeX\tex/generic/bitset\bitset.sty
Package: bitset 2019/12/09 v1.3 Handle bit-vector datatype (HO)

(C:\Users\Vladislav\AppData\Local\Programs\MiKTeX\tex/generic/bigintcalc\bigint
calc.sty
Package: bigintcalc 2019/12/15 v1.5 Expandable calculations on big integers (HO
)
))
\Fld@menulength=\count275
\Field@Width=\dimen173
\Fld@charsize=\dimen174
Package hyperref Info: Hyper figures OFF on input line 6076.
Package hyperref Info: Link nesting OFF on input line 6081.
Package hyperref Info: Hyper index ON on input line 6084.
Package hyperref Info: backreferencing OFF on input line 6091.
Package hyperref Info: Link coloring OFF on input line 6096.
Package hyperref Info: Link coloring with OCG OFF on input line 6101.
Package hyperref Info: PDF/A mode OFF on input line 6106.
LaTeX Info: Redefining \ref on input line 6146.
LaTeX Info: Redefining \pageref on input line 6150.

(C:\Users\Vladislav\AppData\Local\Programs\MiKTeX\tex/latex/base\atbegshi-ltx.s
ty
Package: atbegshi-ltx 2021/01/10 v1.0c Emulation of the original atbegshi
package with kernel methods
)
\Hy@abspage=\count276
\c@Item=\count277
\c@Hfootnote=\count278
)
Package hyperref Info: Driver: hpdftex.

(C:\Users\Vladislav\AppData\Local\Programs\MiKTeX\tex/latex/hyperref\hpdftex.de
f
File: hpdftex.def 2021-06-07 v7.00m Hyperref driver for pdfTeX

(C:\Users\Vladislav\AppData\Local\Programs\MiKTeX\tex/latex/base\atveryend-ltx.
sty
Package: atveryend-ltx 2020/08/19 v1.0a Emulation of the original atveryend pac
kage
with kernel methods
)
\Fld@listcount=\count279
\c@bookmark@seq@number=\count280

(C:\Users\Vladislav\AppData\Local\Programs\MiKTeX\tex/latex/rerunfilecheck\reru
nfilecheck.sty
Package: rerunfilecheck 2019/12/05 v1.9 Rerun checks for auxiliary files (HO)

(C:\Users\Vladislav\AppData\Local\Programs\MiKTeX\tex/generic/uniquecounter\uni
quecounter.sty
Package: uniquecounter 2019/12/15 v1.4 Provide unlimited unique counter (HO)
)
Package uniquecounter Info: New unique counter `rerunfilecheck' on input line 2
86.
)
\Hy@SectionHShift=\skip51
)
(C:\Users\Vladislav\AppData\Local\Programs\MiKTeX\tex/latex/graphics\color.sty
Package: color 2021/10/11 v1.3b Standard LaTeX Color (DPC)

(C:\Users\Vladislav\AppData\Local\Programs\MiKTeX\tex/latex/graphics-cfg\color.
cfg
File: color.cfg 2016/01/02 v1.6 sample color configuration
)
Package color Info: Driver file: pdftex.def on input line 149.
)
(C:\Users\Vladislav\AppData\Local\Programs\MiKTeX\tex/generic/babel\babel.sty
Package: babel 2021/11/29 3.67 The Babel package
\babel@savecnt=\count281
\U@D=\dimen175
\l@unhyphenated=\language79

(C:\Users\Vladislav\AppData\Local\Programs\MiKTeX\tex/generic/babel\txtbabel.de
f)
\bbl@readstream=\read2
\bbl@dirlevel=\count282

*************************************
* Local config file bblopts.cfg used
*
(C:\Users\Vladislav\AppData\Local\Programs\MiKTeX\tex/latex/arabi\bblopts.cfg
File: bblopts.cfg 2005/09/08 v0.1 add Arabic and Farsi to "declared" options of
 babel
)
(C:\Users\Vladislav\AppData\Local\Programs\MiKTeX\tex/latex/babel-german\ngerma
n.ldf
Language: ngerman 2021/02/27 v2.13 German support for babel (post-1996 orthogra
phy)

(C:\Users\Vladislav\AppData\Local\Programs\MiKTeX\tex/latex/babel-german\ngerma
nb.ldf
Language: ngermanb 2021/02/27 v2.13 German support for babel (post-1996 orthogr
aphy)
Package babel Info: Making " an active character on input line 122.
)))
(C:\Users\Vladislav\AppData\Local\Programs\MiKTeX\tex/latex/enumitem\enumitem.s
ty
Package: enumitem 2019/06/20 v3.9 Customized lists
\labelindent=\skip52
\enit@outerparindent=\dimen176
\enit@toks=\toks17
\enit@inbox=\box95
\enit@count@id=\count283
\enitdp@description=\count284
) (C:\Users\Vladislav\AppData\Local\Programs\MiKTeX\tex/latex/float\float.sty
Package: float 2001/11/08 v1.3d Float enhancements (AL)
\c@float@type=\count285
\float@exts=\toks18
\float@box=\box96
\@float@everytoks=\toks19
\@floatcapt=\box97
) (C:\Users\Vladislav\AppData\Local\Programs\MiKTeX\tex/latex/base\inputenc.sty
Package: inputenc 2021/02/14 v1.3d Input encoding file
\inpenc@prehook=\toks20
\inpenc@posthook=\toks21
)
(C:\Users\Vladislav\AppData\Local\Programs\MiKTeX\tex/latex/listings\listings.s
ty
\lst@mode=\count286
\lst@gtempboxa=\box98
\lst@token=\toks22
\lst@length=\count287
\lst@currlwidth=\dimen177
\lst@column=\count288
\lst@pos=\count289
\lst@lostspace=\dimen178
\lst@width=\dimen179
\lst@newlines=\count290
\lst@lineno=\count291
\lst@maxwidth=\dimen180

(C:\Users\Vladislav\AppData\Local\Programs\MiKTeX\tex/latex/listings\lstmisc.st
y
File: lstmisc.sty 2020/03/24 1.8d (Carsten Heinz)
\c@lstnumber=\count292
\lst@skipnumbers=\count293
\lst@framebox=\box99
)
(C:\Users\Vladislav\AppData\Local\Programs\MiKTeX\tex/latex/listings\listings.c
fg
File: listings.cfg 2020/03/24 1.8d listings configuration
))
Package: listings 2020/03/24 1.8d (Carsten Heinz)

(C:\Users\Vladislav\AppData\Local\Programs\MiKTeX\tex/latex/base\textcomp.sty
Package: textcomp 2020/02/02 v2.0n Standard LaTeX package
)
(C:\Users\Vladislav\AppData\Local\Programs\MiKTeX\tex/latex/amsfonts\amssymb.st
y
Package: amssymb 2013/01/14 v3.01 AMS font symbols

(C:\Users\Vladislav\AppData\Local\Programs\MiKTeX\tex/latex/amsfonts\amsfonts.s
ty
Package: amsfonts 2013/01/14 v3.01 Basic AMSFonts support
\@emptytoks=\toks23
\symAMSa=\mathgroup4
\symAMSb=\mathgroup5
LaTeX Font Info:    Redeclaring math symbol \hbar on input line 98.
LaTeX Font Info:    Overwriting math alphabet `\mathfrak' in version `bold'
(Font)                  U/euf/m/n --> U/euf/b/n on input line 106.
))
(C:\Users\Vladislav\AppData\Local\Programs\MiKTeX\tex/latex/amsmath\amstext.sty
Package: amstext 2021/08/26 v2.01 AMS text
(C:\Users\Vladislav\AppData\Local\Programs\MiKTeX\tex/latex/amsmath\amsgen.sty
File: amsgen.sty 1999/11/30 v2.0 generic functions
\@emptytoks=\toks24
\ex@=\dimen181
))
(C:\Users\Vladislav\AppData\Local\Programs\MiKTeX\tex/latex/amsmath\amsmath.sty
Package: amsmath 2021/10/15 v2.17l AMS math features
\@mathmargin=\skip53
For additional information on amsmath, use the `?' option.
(C:\Users\Vladislav\AppData\Local\Programs\MiKTeX\tex/latex/amsmath\amsbsy.sty
Package: amsbsy 1999/11/29 v1.2d Bold Symbols
\pmbraise@=\dimen182
) (C:\Users\Vladislav\AppData\Local\Programs\MiKTeX\tex/latex/amsmath\amsopn.st
y
Package: amsopn 2021/08/26 v2.02 operator names
)
\inf@bad=\count294
LaTeX Info: Redefining \frac on input line 234.
\uproot@=\count295
\leftroot@=\count296
LaTeX Info: Redefining \overline on input line 399.
\classnum@=\count297
\DOTSCASE@=\count298
LaTeX Info: Redefining \ldots on input line 496.
LaTeX Info: Redefining \dots on input line 499.
LaTeX Info: Redefining \cdots on input line 620.
\Mathstrutbox@=\box100
\strutbox@=\box101
\big@size=\dimen183
LaTeX Font Info:    Redeclaring font encoding OML on input line 743.
LaTeX Font Info:    Redeclaring font encoding OMS on input line 744.
\macc@depth=\count299
\c@MaxMatrixCols=\count300
\dotsspace@=\muskip17
\c@parentequation=\count301
\dspbrk@lvl=\count302
\tag@help=\toks25
\row@=\count303
\column@=\count304
\maxfields@=\count305
\andhelp@=\toks26
\eqnshift@=\dimen184
\alignsep@=\dimen185
\tagshift@=\dimen186
\tagwidth@=\dimen187
\totwidth@=\dimen188
\lineht@=\dimen189
\@envbody=\toks27
\multlinegap=\skip54
\multlinetaggap=\skip55
\mathdisplay@stack=\toks28
LaTeX Info: Redefining \[ on input line 2938.
LaTeX Info: Redefining \] on input line 2939.
)
(C:\Users\Vladislav\AppData\Local\Programs\MiKTeX\tex/latex/algorithm2e\algorit
hm2e.sty
Package: algorithm2e 2017/07/18 v5.2 algorithms environments
\c@AlgoLine=\count306

(C:\Users\Vladislav\AppData\Local\Programs\MiKTeX\tex/latex/base\ifthen.sty
Package: ifthen 2020/11/24 v1.1c Standard LaTeX ifthen package (DPC)
)
\algocf@hangindent=\skip56

(C:\Users\Vladislav\AppData\Local\Programs\MiKTeX\tex/latex/ifoddpage\ifoddpage
.sty
Package: ifoddpage 2016/04/23 v1.1 Conditionals for odd/even page detection
\c@checkoddpage=\count307
)
(C:\Users\Vladislav\AppData\Local\Programs\MiKTeX\tex/latex/tools\xspace.sty
Package: xspace 2014/10/28 v1.13 Space after command names (DPC,MH)
)
(C:\Users\Vladislav\AppData\Local\Programs\MiKTeX\tex/latex/relsize\relsize.sty
Package: relsize 2013/03/29 ver 4.1
)
\skiptotal=\skip57
\skiplinenumber=\skip58
\skiprule=\skip59
\skiphlne=\skip60
\skiptext=\skip61
\skiplength=\skip62
\algomargin=\skip63
\skipalgocfslide=\skip64
\algowidth=\dimen190
\inoutsize=\dimen191
\inoutindent=\dimen192
\interspacetitleruled=\dimen193
\interspacealgoruled=\dimen194
\interspacetitleboxruled=\dimen195
\algocf@ruledwidth=\skip65
\algocf@inoutbox=\box102
\algocf@inputbox=\box103
\AlCapSkip=\skip66
\AlCapHSkip=\skip67
\algoskipindent=\skip68
\algocf@nlbox=\box104
\algocf@hangingbox=\box105
\algocf@untilbox=\box106
\algocf@skipuntil=\skip69
\algocf@capbox=\box107
\algocf@lcaptionbox=\skip70
\algoheightruledefault=\skip71
\algoheightrule=\skip72
\algotitleheightruledefault=\skip73
\algotitleheightrule=\skip74
\c@algocfline=\count308
\c@algocfproc=\count309
\c@algocf=\count310
\algocf@algoframe=\box108
\algocf@algobox=\box109
)
(C:\Users\Vladislav\AppData\Local\Programs\MiKTeX\tex/latex/geometry\geometry.s
ty
Package: geometry 2020/01/02 v5.9 Page Geometry

(C:\Users\Vladislav\AppData\Local\Programs\MiKTeX\tex/generic/iftex\ifvtex.sty
Package: ifvtex 2019/10/25 v1.7 ifvtex legacy package. Use iftex instead.
)
\Gm@cnth=\count311
\Gm@cntv=\count312
\c@Gm@tempcnt=\count313
\Gm@bindingoffset=\dimen196
\Gm@wd@mp=\dimen197
\Gm@odd@mp=\dimen198
\Gm@even@mp=\dimen199
\Gm@layoutwidth=\dimen256
\Gm@layoutheight=\dimen257
\Gm@layouthoffset=\dimen258
\Gm@layoutvoffset=\dimen259
\Gm@dimlist=\toks29

(C:\Users\Vladislav\AppData\Local\Programs\MiKTeX\tex/latex/geometry\geometry.c
fg))
(C:\Users\Vladislav\AppData\Local\Programs\MiKTeX\tex/latex/germbib\bibgerm.sty
Package: bibgerm 2000/08/18 v0.1 Support for mixed language bibliographies

** Macros for german `BibTeX'ing added to Style Option `german' 20 Apr 1993 **
** idea and languages `german' and `USenglish' implemented by M. Wallmeier **
** Modified for LaTeX 2e and german.sty 2.5b by A. Scherer 1 Nov 1995 **
** Modified for ngerman.sty and babel.sty by H. Harders 21 August 2000 **)
(C:\Users\Vladislav\AppData\Local\Programs\MiKTeX\tex/latex/tools\array.sty
Package: array 2021/10/04 v2.5f Tabular extension package (FMi)
\col@sep=\dimen260
\ar@mcellbox=\box110
\extrarowheight=\dimen261
\NC@list=\toks30
\extratabsurround=\skip75
\backup@length=\skip76
\ar@cellbox=\box111
)
(C:\Users\Vladislav\AppData\Local\Programs\MiKTeX\tex/latex/caption\caption.sty
Package: caption 2022/02/28 v3.6a Customizing captions (AR)

(C:\Users\Vladislav\AppData\Local\Programs\MiKTeX\tex/latex/caption\caption3.st
y
Package: caption3 2022/02/28 v2.3a caption3 kernel (AR)
\caption@tempdima=\dimen262
\captionmargin=\dimen263
\caption@leftmargin=\dimen264
\caption@rightmargin=\dimen265
\caption@width=\dimen266
\caption@indent=\dimen267
\caption@parindent=\dimen268
\caption@hangindent=\dimen269
Package caption Info: Unknown document class (or package),
(caption)             standard defaults will be used.
Package caption Info: \@makecaption = \long macro:#1#2->\captionstyle \ifx \@ca
ptype \fig@type \vskip \figcapgap \fi \setbox \@tempboxa \hbox {{\floatlegendst
yle #1\floatcounterend }\capstrut #2}\ifdim \wd \@tempboxa >\hsize {\floatlegen
dstyle #1\floatcounterend }\capstrut #2\par \else \hbox to\hsize {\leftlegendgl
ue \unhbox \@tempboxa \hfil }\fi \ifx \@captype \fig@type \else \vskip \tabcapg
ap \fi  on input line 1176.
)

Package caption Warning: Unknown document class (or package),
(caption)                standard defaults will be used.
See the caption package documentation for explanation.

\c@caption@flags=\count314
\c@continuedfloat=\count315
Package caption Info: float package is loaded.
Package caption Info: hyperref package is loaded.
Package caption Info: listings package is loaded.
)
(C:\Users\Vladislav\AppData\Local\Programs\MiKTeX\tex/latex/caption\subcaption.
sty
Package: subcaption 2022/01/07 v1.5 Sub-captions (AR)
\c@subfigure=\count316
\c@subtable=\count317
)
(C:\Users\Vladislav\AppData\Local\Programs\MiKTeX\tex/latex/placeins\placeins.s
ty
Package: placeins 2005/04/18  v 2.2


! LaTeX Error: Unknown option `subsubsection' for package `placeins'.

See the LaTeX manual or LaTeX Companion for explanation.
Type  H <return>  for immediate help.
 ...                                              
                                                  
l.28 } 
       % end of \@ifundefined
The option `subsubsection' was not declared in package `placeins', perhaps you
misspelled its name. Try typing  <return>  to proceed.

)
\@indexfile=\write3
\openout3 = `vorlage.idx'.


Writing index file vorlage.idx

(C:\Users\Vladislav\AppData\Local\Programs\MiKTeX\tex/latex/cleveref\cleveref.s
ty
Package: cleveref 2018/03/27 v0.21.4 Intelligent cross-referencing
Package cleveref Info: `hyperref' support loaded on input line 2370.
LaTeX Info: Redefining \cref on input line 2370.
LaTeX Info: Redefining \Cref on input line 2370.
LaTeX Info: Redefining \crefrange on input line 2370.
LaTeX Info: Redefining \Crefrange on input line 2370.
LaTeX Info: Redefining \cpageref on input line 2370.
LaTeX Info: Redefining \Cpageref on input line 2370.
LaTeX Info: Redefining \cpagerefrange on input line 2370.
LaTeX Info: Redefining \Cpagerefrange on input line 2370.
LaTeX Info: Redefining \labelcref on input line 2370.
LaTeX Info: Redefining \labelcpageref on input line 2370.
Package cleveref Info: `listings' support loaded on input line 3131.
Package cleveref Info: `algorithm2e' support loaded on input line 3147.
)
(C:\Users\Vladislav\AppData\Local\Programs\MiKTeX\tex/latex/l3backend\l3backend
-pdftex.def
File: l3backend-pdftex.def 2021-10-18 L3 backend support: PDF output (pdfTeX)
\l__color_backend_stack_int=\count318
\l__pdf_internal_box=\box112
) (vorlage.aux (chapters/Word2Vec.aux)
! Missing \endcsname inserted.
<to be read again> 
                   \protect 
l.223 ....3}{29}{BNMT\_Decoder}{lstlisting.6.3}{}}
                                                  
The control sequence marked <to be read again> should
not appear between \csname and \endcsname.

! Missing \endcsname inserted.
<to be read again> 
                   \protect 
l.223 ....3}{29}{BNMT\_Decoder}{lstlisting.6.3}{}}
                                                  
The control sequence marked <to be read again> should
not appear between \csname and \endcsname.

! Missing \endcsname inserted.
<to be read again> 
                   \protect 
l.224 ...@cref}{{[listing][3][6]6.3}{[1][29][]29}}
                                                  
The control sequence marked <to be read again> should
not appear between \csname and \endcsname.


! LaTeX Error: Missing \begin{document}.

See the LaTeX manual or LaTeX Companion for explanation.
Type  H <return>  for immediate help.
 ...                                              
                                                  
l.224 ...@cref}{{[listing][3][6]6.3}{[1][29][]29}}
                                                  
You're in trouble here.  Try typing  <return>  to proceed.
If that doesn't work, type  X <return>  to quit.

! Extra \endcsname.
\bbl@ifunset #1->\ifcsname #1\endcsname 
                                        \expandafter \ifx \csname #1\endcsna...
l.224 ...@cref}{{[listing][3][6]6.3}{[1][29][]29}}
                                                  
I'm ignoring this, since I wasn't doing a \csname.

! Missing \endcsname inserted.
<to be read again> 
                   \protect 
l.224 ...@cref}{{[listing][3][6]6.3}{[1][29][]29}}
                                                  
The control sequence marked <to be read again> should
not appear between \csname and \endcsname.


LaTeX Warning: Label `BNMT\_Decoder@cref' multiply defined.

! Missing \endcsname inserted.
<to be read again> 
                   \protect 
l.224 ...@cref}{{[listing][3][6]6.3}{[1][29][]29}}
                                                  
The control sequence marked <to be read again> should
not appear between \csname and \endcsname.

(chapters/Selbststaendigkeitserklaerung.aux))
\openout1 = `vorlage.aux'.

LaTeX Font Info:    Checking defaults for OML/cmm/m/it on input line 83.
LaTeX Font Info:    ... okay on input line 83.
LaTeX Font Info:    Checking defaults for OMS/cmsy/m/n on input line 83.
LaTeX Font Info:    ... okay on input line 83.
LaTeX Font Info:    Checking defaults for OT1/cmr/m/n on input line 83.
LaTeX Font Info:    ... okay on input line 83.
LaTeX Font Info:    Checking defaults for T1/cmr/m/n on input line 83.
LaTeX Font Info:    ... okay on input line 83.
LaTeX Font Info:    Checking defaults for TS1/cmr/m/n on input line 83.
LaTeX Font Info:    ... okay on input line 83.
LaTeX Font Info:    Checking defaults for OMX/cmex/m/n on input line 83.
LaTeX Font Info:    ... okay on input line 83.
LaTeX Font Info:    Checking defaults for U/cmr/m/n on input line 83.
LaTeX Font Info:    ... okay on input line 83.
LaTeX Font Info:    Checking defaults for PD1/pdf/m/n on input line 83.
LaTeX Font Info:    ... okay on input line 83.
LaTeX Font Info:    Checking defaults for PU/pdf/m/n on input line 83.
LaTeX Font Info:    ... okay on input line 83.

(C:\Users\Vladislav\AppData\Local\Programs\MiKTeX\tex/context/base/mkii\supp-pd
f.mkii
Overfull \hbox (101.48636pt too wide) in paragraph at lines 224--13
[][]\OT1/cmr/m/n/12 Decoder@cref                                               
                                                                               
                                        
 []

[Loading MPS to PDF converter (version 2006.09.02).]
\scratchcounter=\count319
\scratchdimen=\dimen270
\scratchbox=\box113
\nofMPsegments=\count320
\nofMParguments=\count321
\everyMPshowfont=\toks31
\MPscratchCnt=\count322
\MPscratchDim=\dimen271
\MPnumerator=\count323
\makeMPintoPDFobject=\count324
\everyMPtoPDFconversion=\toks32
)
Package hyperref Info: Link coloring OFF on input line 83.

(C:\Users\Vladislav\AppData\Local\Programs\MiKTeX\tex/latex/hyperref\nameref.st
y
Package: nameref 2021-04-02 v2.47 Cross-referencing by name of section

(C:\Users\Vladislav\AppData\Local\Programs\MiKTeX\tex/latex/refcount\refcount.s
ty
Package: refcount 2019/12/15 v3.6 Data extraction from label references (HO)
)
(C:\Users\Vladislav\AppData\Local\Programs\MiKTeX\tex/generic/gettitlestring\ge
ttitlestring.sty
Package: gettitlestring 2019/12/15 v1.6 Cleanup title references (HO)
)
\c@section@level=\count325
)
LaTeX Info: Redefining \ref on input line 83.
LaTeX Info: Redefining \pageref on input line 83.
LaTeX Info: Redefining \nameref on input line 83.
 (vorlage.out) (vorlage.out)
\@outlinefile=\write4
\openout4 = `vorlage.out'.


Man spricht deutsch.
\c@lstlisting=\count326
*geometry* driver: auto-detecting
*geometry* detected driver: pdftex
*geometry* verbose mode - [ preamble ] result:
* driver: pdftex
* paper: a4paper
* layout: <same size as paper>
* layoutoffset:(h,v)=(0.0pt,0.0pt)
* modes: 
* h-part:(L,W,R)=(89.62709pt, 418.25368pt, 89.6271pt)
* v-part:(T,H,B)=(101.40665pt, 591.5302pt, 152.11pt)
* \paperwidth=597.50787pt
* \paperheight=845.04684pt
* \textwidth=418.25368pt
* \textheight=650.68681pt
* \oddsidemargin=17.3571pt
* \evensidemargin=17.3571pt
* \topmargin=5.13666pt
* \headheight=12.0pt
* \headsep=12.0pt
* \topskip=12.0pt
* \footskip=30.0pt
* \marginparwidth=90.0pt
* \marginparsep=10.0pt
* \columnsep=10.0pt
* \skip\footins=10.8pt plus 4.0pt minus 2.0pt
* \hoffset=0.0pt
* \voffset=0.0pt
* \mag=1000
* \@twocolumnfalse
* \@twosidefalse
* \@mparswitchfalse
* \@reversemarginfalse
* (1in=72.27pt=25.4mm, 1cm=28.453pt)


bibgerm.sty: babel.sty detected

Package caption Info: Begin \AtBeginDocument code.
Package caption Info: End \AtBeginDocument code.
[1{C:/Users/Vladislav/AppData/Local/MiKTeX/fonts/map/pdftex/pdftex.map}

]
Package epstopdf Info: Source file: <Logo_Hauptcampus_Informatik.eps>
(epstopdf)                    date: 2021-09-22 16:30:55
(epstopdf)                    size: 789514 bytes
(epstopdf)             Output file: <Logo_Hauptcampus_Informatik-eps-converted-
to.pdf>
(epstopdf)                    date: 2021-09-22 16:30:55
(epstopdf)                    size: 15218 bytes
(epstopdf)             Command: <miktex-epstopdf --outfile=Logo_Hauptcampus_Inf
ormatik-eps-converted-to.pdf Logo_Hauptcampus_Informatik.eps>
(epstopdf)             \includegraphics on input line 106.
Package epstopdf Info: Output file is already uptodate.


pdfTeX warning: pdflatex.exe (file ./Logo_Hauptcampus_Informatik-eps-converted-
to.pdf): PDF inclusion: found PDF version <1.7>, but at most version <1.5> allo
wed
<Logo_Hauptcampus_Informatik-eps-converted-to.pdf, id=146, 812.03375pt x 157.58
875pt>
File: Logo_Hauptcampus_Informatik-eps-converted-to.pdf Graphic file (type pdf)
<use Logo_Hauptcampus_Informatik-eps-converted-to.pdf>
Package pdftex.def Info: Logo_Hauptcampus_Informatik-eps-converted-to.pdf  used
 on input line 106.
(pdftex.def)             Requested size: 209.12683pt x 40.58255pt.

pdfTeX warning (ext4): destination with the same identifier (name{page.Titel}) 
has been already used, duplicate ignored
<to be read again> 
                   \relax 
l.106   \mytitlepage
                     [1 <./Logo_Hauptcampus_Informatik-eps-converted-to.pdf>]
(chapters/Kurzfassung.tex
LaTeX Font Info:    Trying to load font information for U+msa on input line 4.

(C:\Users\Vladislav\AppData\Local\Programs\MiKTeX\tex/latex/amsfonts\umsa.fd
File: umsa.fd 2013/01/14 v3.01 AMS symbols A
)
LaTeX Font Info:    Trying to load font information for U+msb on input line 4.

(C:\Users\Vladislav\AppData\Local\Programs\MiKTeX\tex/latex/amsfonts\umsb.fd
File: umsb.fd 2013/01/14 v3.01 AMS symbols B
)
(C:\Users\Vladislav\AppData\Local\Programs\MiKTeX\tex/latex/base\latin1.def
File: latin1.def 2021/02/14 v1.3d Input encoding file
)
Overfull \hbox (3.19334pt too wide) in paragraph at lines 7--8
\OT1/cmr/m/n/12 pr[]aziser ge-sagt Trans-for-mer. In den ers-ten Ka-pi-teln der
 Ar-beit wird ei-ne Einf[]uhrung
 []

) [2




] (vorlage.toc
Package cleveref Info: loaded `ngerman' language definitions on input line 1.
Package cleveref Info: loaded `ngerman' language definitions on input line 2.
 [3


])
\tf@toc=\write5
\openout5 = `vorlage.toc'.

Package cleveref Info: loaded `ngerman' language definitions on input line 118.

 [4] (chapters/EinleitungProblemstellung.tex
Kapitel 1.
) (C:\Users\Vladislav\AppData\Local\Programs\MiKTeX\tex/latex/base\utf8.def
File: utf8.def 2021/06/21 v1.2n UTF-8 support
)
[1




]
\openout2 = `chapters/Word2Vec.aux'.

 (chapters/Word2Vec.tex
Kapitel 2.
<images/SKIP_Model.png, id=219, 735.74875pt x 461.725pt>
File: images/SKIP_Model.png Graphic file (type png)
<use images/SKIP_Model.png>
Package pdftex.def Info: images/SKIP_Model.png  used on input line 25.
(pdftex.def)             Requested size: 441.45265pt x 277.03714pt.

Overfull \hbox (23.19897pt too wide) in paragraph at lines 25--26
 [][] 
 []

[2



]
<images/CBOW_Model.png, id=232, 766.865pt x 505.89pt>
File: images/CBOW_Model.png Graphic file (type png)
<use images/CBOW_Model.png>
Package pdftex.def Info: images/CBOW_Model.png  used on input line 41.
(pdftex.def)             Requested size: 460.12256pt x 303.53633pt.

Overfull \hbox (41.86888pt too wide) in paragraph at lines 41--42
 [][] 
 []

Package cleveref Info: loaded `ngerman' language definitions on input line 44.
[3 <./images/SKIP_Model.png>])
Package cleveref Info: loaded `ngerman' language definitions on input line 124.

 [4 <./images/CBOW_Model.png>]
(chapters/Glove.tex
Kapitel 3.
[5




]

LaTeX Warning: No positions in optional float specifier.
               Default added (so using `htbp') on input line 22.

! Missing $ inserted.
<inserted text> 
                $
l.26 			P(k|ice)               & 1.9\times
                                           10^{-4} & 6.6\times 10^{-5} & 3.0...
I've inserted a begin-math/end-math symbol since I think
you left one out. Proceed, with fingers crossed.

! Missing $ inserted.
<inserted text> 
                $
l.26 ...k|ice)               & 1.9\times 10^{-4} &
                                                   6.6\times 10^{-5} & 3.0\t...
I've inserted something that you may have forgotten.
(See the <inserted text> above.)
With luck, this will get me unwedged. But if you
really didn't forget anything, try typing `2' now; then
my insertion and my current dilemma will both disappear.

! Missing $ inserted.
<inserted text> 
                $
l.26 ...           & 1.9\times 10^{-4} & 6.6\times
                                                   10^{-5} & 3.0\times 10^{-...
I've inserted a begin-math/end-math symbol since I think
you left one out. Proceed, with fingers crossed.

! Missing $ inserted.
<inserted text> 
                $
l.26 ... & 1.9\times 10^{-4} & 6.6\times 10^{-5} &
                                                   3.0\times 10^{-3} & 1.7\t...
I've inserted something that you may have forgotten.
(See the <inserted text> above.)
With luck, this will get me unwedged. But if you
really didn't forget anything, try typing `2' now; then
my insertion and my current dilemma will both disappear.

! Missing $ inserted.
<inserted text> 
                $
l.26 ...es 10^{-4} & 6.6\times 10^{-5} & 3.0\times
                                                   10^{-3} & 1.7\times 10^{-...
I've inserted a begin-math/end-math symbol since I think
you left one out. Proceed, with fingers crossed.

! Missing $ inserted.
<inserted text> 
                $
l.26 ... & 6.6\times 10^{-5} & 3.0\times 10^{-3} &
                                                   1.7\times 10^{-5} \\
I've inserted something that you may have forgotten.
(See the <inserted text> above.)
With luck, this will get me unwedged. But if you
really didn't forget anything, try typing `2' now; then
my insertion and my current dilemma will both disappear.

! Missing $ inserted.
<inserted text> 
                $
l.26 ...es 10^{-5} & 3.0\times 10^{-3} & 1.7\times
                                                   10^{-5} \\
I've inserted a begin-math/end-math symbol since I think
you left one out. Proceed, with fingers crossed.

! Missing $ inserted.
<inserted text> 
                $
l.27 			P
         (k|steam)             & 2.2\times 10^{-5} & 7.8\times 10^{-4} & 2.2...
I've inserted something that you may have forgotten.
(See the <inserted text> above.)
With luck, this will get me unwedged. But if you
really didn't forget anything, try typing `2' now; then
my insertion and my current dilemma will both disappear.

! Missing $ inserted.
<inserted text> 
                $
l.27 			P(k|steam)             & 2.2\times
                                           10^{-5} & 7.8\times 10^{-4} & 2.2...
I've inserted a begin-math/end-math symbol since I think
you left one out. Proceed, with fingers crossed.

! Missing $ inserted.
<inserted text> 
                $
l.27 ...k|steam)             & 2.2\times 10^{-5} &
                                                   7.8\times 10^{-4} & 2.2\t...
I've inserted something that you may have forgotten.
(See the <inserted text> above.)
With luck, this will get me unwedged. But if you
really didn't forget anything, try typing `2' now; then
my insertion and my current dilemma will both disappear.

! Missing $ inserted.
<inserted text> 
                $
l.27 ...           & 2.2\times 10^{-5} & 7.8\times
                                                   10^{-4} & 2.2\times 10^{-...
I've inserted a begin-math/end-math symbol since I think
you left one out. Proceed, with fingers crossed.

! Missing $ inserted.
<inserted text> 
                $
l.27 ... & 2.2\times 10^{-5} & 7.8\times 10^{-4} &
                                                   2.2\times 10^{-3} & 1.8\t...
I've inserted something that you may have forgotten.
(See the <inserted text> above.)
With luck, this will get me unwedged. But if you
really didn't forget anything, try typing `2' now; then
my insertion and my current dilemma will both disappear.

! Missing $ inserted.
<inserted text> 
                $
l.27 ...es 10^{-5} & 7.8\times 10^{-4} & 2.2\times
                                                   10^{-3} & 1.8\times 10^{-...
I've inserted a begin-math/end-math symbol since I think
you left one out. Proceed, with fingers crossed.

! Missing $ inserted.
<inserted text> 
                $
l.27 ... & 7.8\times 10^{-4} & 2.2\times 10^{-3} &
                                                   1.8\times 10^{-5} \\
I've inserted something that you may have forgotten.
(See the <inserted text> above.)
With luck, this will get me unwedged. But if you
really didn't forget anything, try typing `2' now; then
my insertion and my current dilemma will both disappear.

! Missing $ inserted.
<inserted text> 
                $
l.27 ...es 10^{-4} & 2.2\times 10^{-3} & 1.8\times
                                                   10^{-5} \\
I've inserted a begin-math/end-math symbol since I think
you left one out. Proceed, with fingers crossed.

! Missing $ inserted.
<inserted text> 
                $
l.28 			P
         (k|ice)/P(k|steam)    & 8.9                                        ...
I've inserted something that you may have forgotten.
(See the <inserted text> above.)
With luck, this will get me unwedged. But if you
really didn't forget anything, try typing `2' now; then
my insertion and my current dilemma will both disappear.

! Missing $ inserted.
<inserted text> 
                $
l.28 ...                               & 8.5\times
                                                   10^{-2} & 1.36           ...
I've inserted a begin-math/end-math symbol since I think
you left one out. Proceed, with fingers crossed.

! Missing $ inserted.
<inserted text> 
                $
l.28 ...                     & 8.5\times 10^{-2} &
                                                   1.36                     ...
I've inserted something that you may have forgotten.
(See the <inserted text> above.)
With luck, this will get me unwedged. But if you
really didn't forget anything, try typing `2' now; then
my insertion and my current dilemma will both disappear.


LaTeX Warning: Command \~ invalid in math mode on input line 38.

! Please use \mathaccent for accents in math mode.
\add@accent ... \let \ignorespaces \relax \accent 
                                                  #1 #2\egroup \ifmmode \els...
l.38 	F(w_i, w_j, \~w
                     _k) = \frac{P_{ik}}{P_{jk}} \cite{GloVe:14}.
I'm changing \accent to \mathaccent here; wish me luck.
(Accents are not the same in formulas as they are in text.)

Missing character: There is no d in font msbm10!
Missing character: There is no d in font msbm10!

LaTeX Warning: Command \~ invalid in math mode on input line 42.

! Please use \mathaccent for accents in math mode.
\add@accent ... \let \ignorespaces \relax \accent 
                                                  #1 #2\egroup \ifmmode \els...
l.42 ... Fall von den drei Vektoren $w_i, w_j, \~w
                                                  _k$ ab. F wird im nächste...
I'm changing \accent to \mathaccent here; wish me luck.
(Accents are not the same in formulas as they are in text.)


LaTeX Warning: Command \~ invalid in math mode on input line 45.

! Please use \mathaccent for accents in math mode.
\add@accent ... \let \ignorespaces \relax \accent 
                                                  #1 #2\egroup \ifmmode \els...
l.45 F((w_i - w_j), \~w
                       _k) = \frac{P_{ik}}{P_{jk}} \cite{GloVe:14}.
I'm changing \accent to \mathaccent here; wish me luck.
(Accents are not the same in formulas as they are in text.)


LaTeX Warning: Command \~ invalid in math mode on input line 51.

! Please use \mathaccent for accents in math mode.
\add@accent ... \let \ignorespaces \relax \accent 
                                                  #1 #2\egroup \ifmmode \els...
l.51 F((w_i - w_j)^T\~w
                       _k) = \frac{P_{ik}}{P_{jk}} \cite{GloVe:14}.
I'm changing \accent to \mathaccent here; wish me luck.
(Accents are not the same in formulas as they are in text.)


LaTeX Warning: Command \~ invalid in math mode on input line 55.

! Please use \mathaccent for accents in math mode.
\add@accent ... \let \ignorespaces \relax \accent 
                                                  #1 #2\egroup \ifmmode \els...
l.55 ...ißt also nicht nur $w \leftrightarrow \~w
                                                  $ auszutauschen, sondern a...
I'm changing \accent to \mathaccent here; wish me luck.
(Accents are not the same in formulas as they are in text.)

Package cleveref Info: loaded `ngerman' language definitions on input line 56.
[6]

LaTeX Warning: Command \~ invalid in math mode on input line 58.

! Please use \mathaccent for accents in math mode.
\add@accent ... \let \ignorespaces \relax \accent 
                                                  #1 #2\egroup \ifmmode \els...
l.58 F((w_i - w_j)^T\~w
                       _k) = \frac{F(w_i^T\~w_k)}{F(w_j^T\~w_k)} \cite{GloVe...
I'm changing \accent to \mathaccent here; wish me luck.
(Accents are not the same in formulas as they are in text.)


LaTeX Warning: Command \~ invalid in math mode on input line 58.

! Please use \mathaccent for accents in math mode.
\add@accent ... \let \ignorespaces \relax \accent 
                                                  #1 #2\egroup \ifmmode \els...
l.58 ...w_k) = \frac{F(w_i^T\~w_k)}{F(w_j^T\~w_k)}
                                                   \cite{GloVe:14},
I'm changing \accent to \mathaccent here; wish me luck.
(Accents are not the same in formulas as they are in text.)


LaTeX Warning: Command \~ invalid in math mode on input line 58.

! Please use \mathaccent for accents in math mode.
\add@accent ... \let \ignorespaces \relax \accent 
                                                  #1 #2\egroup \ifmmode \els...
l.58 ...w_k) = \frac{F(w_i^T\~w_k)}{F(w_j^T\~w_k)}
                                                   \cite{GloVe:14},
I'm changing \accent to \mathaccent here; wish me luck.
(Accents are not the same in formulas as they are in text.)


LaTeX Warning: Command \~ invalid in math mode on input line 65.

! Please use \mathaccent for accents in math mode.
\add@accent ... \let \ignorespaces \relax \accent 
                                                  #1 #2\egroup \ifmmode \els...
l.65 F(w_i^T\~w
               _k) = P_{ik} =\frac{X_{ik}}{X_i} \cite{GloVe:14}.
I'm changing \accent to \mathaccent here; wish me luck.
(Accents are not the same in formulas as they are in text.)


LaTeX Warning: Command \~ invalid in math mode on input line 72.

! Please use \mathaccent for accents in math mode.
\add@accent ... \let \ignorespaces \relax \accent 
                                                  #1 #2\egroup \ifmmode \els...
l.72 w_i^T\~w
             _k = \log (P_{ik}) = \log(X_{ik}) - \log(X_i) \cite{GloVe:14}.
I'm changing \accent to \mathaccent here; wish me luck.
(Accents are not the same in formulas as they are in text.)


LaTeX Warning: Command \~ invalid in math mode on input line 79.

! Please use \mathaccent for accents in math mode.
\add@accent ... \let \ignorespaces \relax \accent 
                                                  #1 #2\egroup \ifmmode \els...
l.79 w_i^T\~w
             _k + b_i + \~b_k = \log(X_{ik}) \cite{GloVe:14}.
I'm changing \accent to \mathaccent here; wish me luck.
(Accents are not the same in formulas as they are in text.)


LaTeX Warning: Command \~ invalid in math mode on input line 79.

! Please use \mathaccent for accents in math mode.
\add@accent ... \let \ignorespaces \relax \accent 
                                                  #1 #2\egroup \ifmmode \els...
l.79 w_i^T\~w_k + b_i + \~b
                           _k = \log(X_{ik}) \cite{GloVe:14}.
I'm changing \accent to \mathaccent here; wish me luck.
(Accents are not the same in formulas as they are in text.)

) (chapters/Transformer.tex
Package cleveref Info: loaded `ngerman' language definitions on input line 1.
 [7]
Kapitel 4.
<images/transformer.png, id=304, 601.24625pt x 703.62875pt>
File: images/transformer.png Graphic file (type png)
<use images/transformer.png>
Package pdftex.def Info: images/transformer.png  used on input line 14.
(pdftex.def)             Requested size: 360.75052pt x 422.18051pt.
[8


]
Package cleveref Info: loaded `ngerman' language definitions on input line 29.
 [9 <./images/transformer.png>]
Package cleveref Info: loaded `ngerman' language definitions on input line 50.
 [10]
<images/multi_head.png, id=336, 932.48375pt x 250.9375pt>
File: images/multi_head.png Graphic file (type png)
<use images/multi_head.png>
Package pdftex.def Info: images/multi_head.png  used on input line 54.
(pdftex.def)             Requested size: 419.61382pt x 112.92082pt.

Overfull \hbox (1.36014pt too wide) in paragraph at lines 54--55
 [][] 
 []

Package cleveref Info: loaded `ngerman' language definitions on input line 78.
[11 <./images/multi_head.png>]
pdfTeX warning (ext4): destination with the same identifier (name{equation.4.1.
1}) has been already used, duplicate ignored
<to be read again> 
                   \relax 
l.84 \begin{equation}
                     
pdfTeX warning (ext4): destination with the same identifier (name{equation.4.1.
1}) has been already used, duplicate ignored
<to be read again> 
                   \relax 
l.84 \begin{equation}
                     
pdfTeX warning (ext4): destination with the same identifier (name{equation.4.1.
1}) has been already used, duplicate ignored
<to be read again> 
                   \relax 
l.84 \begin{equation}
                     
pdfTeX warning (ext4): destination with the same identifier (name{equation.4.1.
1}) has been already used, duplicate ignored
<to be read again> 
                   \relax 
l.84 \begin{equation}
                     
pdfTeX warning (ext4): destination with the same identifier (name{equation.4.1.
2}) has been already used, duplicate ignored
<to be read again> 
                   \relax 
l.87 \begin{equation}
                     
pdfTeX warning (ext4): destination with the same identifier (name{equation.4.1.
2}) has been already used, duplicate ignored
<to be read again> 
                   \relax 
l.87 \begin{equation}
                     
pdfTeX warning (ext4): destination with the same identifier (name{equation.4.1.
2}) has been already used, duplicate ignored
<to be read again> 
                   \relax 
l.87 \begin{equation}
                     
pdfTeX warning (ext4): destination with the same identifier (name{equation.4.1.
2}) has been already used, duplicate ignored
<to be read again> 
                   \relax 
l.87 \begin{equation}
                     
pdfTeX warning (ext4): destination with the same identifier (name{equation.4.1.
3}) has been already used, duplicate ignored
<to be read again> 
                   \relax 
l.90 \begin{equation}
                     
pdfTeX warning (ext4): destination with the same identifier (name{equation.4.1.
3}) has been already used, duplicate ignored
<to be read again> 
                   \relax 
l.90 \begin{equation}
                     
pdfTeX warning (ext4): destination with the same identifier (name{equation.4.1.
3}) has been already used, duplicate ignored
<to be read again> 
                   \relax 
l.90 \begin{equation}
                     
pdfTeX warning (ext4): destination with the same identifier (name{equation.4.1.
3}) has been already used, duplicate ignored
<to be read again> 
                   \relax 
l.90 \begin{equation}
                     
Package cleveref Info: loaded `ngerman' language definitions on input line 119.

 [12]
Package cleveref Info: loaded `ngerman' language definitions on input line 153.

 [13]
(C:\Users\Vladislav\AppData\Local\Programs\MiKTeX\tex/latex/listings\lstlang1.s
ty
File: lstlang1.sty 2020/03/24 1.8d listings language file
)
Package hyperref Info: bookmark level for unknown lstlisting defaults to 0 on i
nput line 156.
Package cleveref Info: loaded `ngerman' language definitions on input line 180.

 [14]
LaTeX Font Info:    Font shape `OT1/cmtt/bx/n' in size <12> not available
(Font)              Font shape `OT1/cmtt/m/n' tried instead on input line 180.
) (chapters/Bert.tex
Package cleveref Info: loaded `ngerman' language definitions on input line 1.
 [15]
Kapitel 5.
[16


]
Package cleveref Info: loaded `ngerman' language definitions on input line 25.
 [17]
Package cleveref Info: loaded `ngerman' language definitions on input line 50.
 [18]
Package cleveref Info: loaded `ngerman' language definitions on input line 80.
 [19]
Package cleveref Info: loaded `ngerman' language definitions on input line 113.

 [20]
<images/bert_embedding_layer.png, id=512, 1258.7025pt x 400.49625pt>
File: images/bert_embedding_layer.png Graphic file (type png)
<use images/bert_embedding_layer.png>
Package pdftex.def Info: images/bert_embedding_layer.png  used on input line 12
7.
(pdftex.def)             Requested size: 440.55247pt x 140.17578pt.

Overfull \hbox (22.2988pt too wide) in paragraph at lines 127--128
 [][] 
 []

Package cleveref Info: loaded `ngerman' language definitions on input line 137.

[21 <./images/bert_embedding_layer.png>]
Package cleveref Info: loaded `ngerman' language definitions on input line 157.

 [22]

LaTeX Font Warning: Font shape `OT1/cmr/m/scit' undefined
(Font)              using `OT1/cmr/m/it' instead on input line 179.

Package cleveref Info: loaded `ngerman' language definitions on input line 180.

[23]
Package cleveref Info: loaded `ngerman' language definitions on input line 210.

 [24]) (chapters/NMT_Model.tex
Package cleveref Info: loaded `ngerman' language definitions on input line 1.
 [25]
Kapitel 6.
<images/BNMT-Model.png, id=612, 661.47125pt x 320.19624pt>
File: images/BNMT-Model.png Graphic file (type png)
<use images/BNMT-Model.png>
Package pdftex.def Info: images/BNMT-Model.png  used on input line 15.
(pdftex.def)             Requested size: 463.02672pt x 224.13583pt.

Overfull \hbox (44.77304pt too wide) in paragraph at lines 15--16
 [][] 
 []

[26


]

LaTeX Warning: Command \textperiodcentered invalid in math mode on input line 3
3.


LaTeX Warning: Command \textperiodcentered invalid in math mode on input line 3
3.


LaTeX Warning: Command \textperiodcentered invalid in math mode on input line 3
3.


LaTeX Warning: Command \textperiodcentered invalid in math mode on input line 3
3.


LaTeX Warning: Command \textperiodcentered invalid in math mode on input line 3
3.


LaTeX Warning: Command \textperiodcentered invalid in math mode on input line 3
3.


! LaTeX Error: Unicode character − (U+2212)
               not set up for use with LaTeX.

See the LaTeX manual or LaTeX Companion for explanation.
Type  H <return>  for immediate help.
 ...                                              
                                                  
l.33 ..., $S^l_{<t} = (s^l_1, · · · , s^l_{t−
                                                  1})$ bezeichnet. $s^0_1$ i...

You may provide a definition with
\DeclareUnicodeCharacter 

Missing character: There is no  in font cmr12!
Missing character: There is no  in font cmr12!
Missing character: There is no  in font cmr12!

! LaTeX Error: Unicode character − (U+2212)
               not set up for use with LaTeX.

See the LaTeX manual or LaTeX Companion for explanation.
Type  H <return>  for immediate help.
 ...                                              
                                                  
l.39 		\end{gather}
                   
You may provide a definition with
\DeclareUnicodeCharacter 


! LaTeX Error: Unicode character − (U+2212)
               not set up for use with LaTeX.

See the LaTeX manual or LaTeX Companion for explanation.
Type  H <return>  for immediate help.
 ...                                              
                                                  
l.39 		\end{gather}
                   
You may provide a definition with
\DeclareUnicodeCharacter 


! LaTeX Error: Unicode character − (U+2212)
               not set up for use with LaTeX.

See the LaTeX manual or LaTeX Companion for explanation.
Type  H <return>  for immediate help.
 ...                                              
                                                  
l.39 		\end{gather}
                   
You may provide a definition with
\DeclareUnicodeCharacter 

! Please use \mathaccent for accents in math mode.
\add@accent ... \let \ignorespaces \relax \accent 
                                                  #1 #2\egroup \ifmmode \els...
l.39 		\end{gather}
                   
I'm changing \accent to \mathaccent here; wish me luck.
(Accents are not the same in formulas as they are in text.)

! Undefined control sequence.
<argument> ...}_{<t+1})\\ \~s^l_t = 1/2(attn_B (\
                                                  s^l_t, H_B , H_B ) + attn...
l.39 		\end{gather}
                   
The control sequence at the end of the top line
of your error message was never \def'ed. If you have
misspelled it (e.g., `\hobx'), type `I' and the correct
spelling (e.g., `I\hbox'). Otherwise just continue,
and I'll forget about whatever was undefined.


! LaTeX Error: Invalid UTF-8 byte "86.

See the LaTeX manual or LaTeX Companion for explanation.
Type  H <return>  for immediate help.
 ...                                              
                                                  
l.39 		\end{gather}
                   
The document does not appear to be in UTF-8 encoding.
Try adding \UseRawInputEncoding as the first line of the file
or specify an encoding such as \usepackage [latin1]{inputenc}
in the document preamble.
Alternatively, save the file in UTF-8 using your editor or another tool

! Undefined control sequence.
<argument> ... (\ˆs^l_t, H_B , H_B ) + attn_E (\
                                                  s^l_t, H^L_E, H^L_E )), \...
l.39 		\end{gather}
                   
The control sequence at the end of the top line
of your error message was never \def'ed. If you have
misspelled it (e.g., `\hobx'), type `I' and the correct
spelling (e.g., `I\hbox'). Otherwise just continue,
and I'll forget about whatever was undefined.


! LaTeX Error: Invalid UTF-8 byte "86.

See the LaTeX manual or LaTeX Companion for explanation.
Type  H <return>  for immediate help.
 ...                                              
                                                  
l.39 		\end{gather}
                   
The document does not appear to be in UTF-8 encoding.
Try adding \UseRawInputEncoding as the first line of the file
or specify an encoding such as \usepackage [latin1]{inputenc}
in the document preamble.
Alternatively, save the file in UTF-8 using your editor or another tool


! LaTeX Error: Unicode character ̃ (U+0303)
               not set up for use with LaTeX.

See the LaTeX manual or LaTeX Companion for explanation.
Type  H <return>  for immediate help.
 ...                                              
                                                  
l.39 		\end{gather}
                   
You may provide a definition with
\DeclareUnicodeCharacter 


! LaTeX Error: Unicode character − (U+2212)
               not set up for use with LaTeX.

See the LaTeX manual or LaTeX Companion for explanation.
Type  H <return>  for immediate help.
 ...                                              
                                                  
l.39 		\end{gather}
                   
You may provide a definition with
\DeclareUnicodeCharacter 


! LaTeX Error: Unicode character − (U+2212)
               not set up for use with LaTeX.

See the LaTeX manual or LaTeX Companion for explanation.
Type  H <return>  for immediate help.
 ...                                              
                                                  
l.39 		\end{gather}
                   
You may provide a definition with
\DeclareUnicodeCharacter 


! LaTeX Error: Unicode character − (U+2212)
               not set up for use with LaTeX.

See the LaTeX manual or LaTeX Companion for explanation.
Type  H <return>  for immediate help.
 ...                                              
                                                  
l.39 		\end{gather}
                   
You may provide a definition with
\DeclareUnicodeCharacter 

! Please use \mathaccent for accents in math mode.
\add@accent ... \let \ignorespaces \relax \accent 
                                                  #1 #2\egroup \ifmmode \els...
l.39 		\end{gather}
                   
I'm changing \accent to \mathaccent here; wish me luck.
(Accents are not the same in formulas as they are in text.)

! Undefined control sequence.
<argument> ...}_{<t+1})\\ \~s^l_t = 1/2(attn_B (\
                                                  s^l_t, H_B , H_B ) + attn...
l.39 		\end{gather}
                   
The control sequence at the end of the top line
of your error message was never \def'ed. If you have
misspelled it (e.g., `\hobx'), type `I' and the correct
spelling (e.g., `I\hbox'). Otherwise just continue,
and I'll forget about whatever was undefined.


! LaTeX Error: Invalid UTF-8 byte "86.

See the LaTeX manual or LaTeX Companion for explanation.
Type  H <return>  for immediate help.
 ...                                              
                                                  
l.39 		\end{gather}
                   
The document does not appear to be in UTF-8 encoding.
Try adding \UseRawInputEncoding as the first line of the file
or specify an encoding such as \usepackage [latin1]{inputenc}
in the document preamble.
Alternatively, save the file in UTF-8 using your editor or another tool

! Undefined control sequence.
<argument> ... (\ˆs^l_t, H_B , H_B ) + attn_E (\
                                                  s^l_t, H^L_E, H^L_E )), \...
l.39 		\end{gather}
                   
The control sequence at the end of the top line
of your error message was never \def'ed. If you have
misspelled it (e.g., `\hobx'), type `I' and the correct
spelling (e.g., `I\hbox'). Otherwise just continue,
and I'll forget about whatever was undefined.


! LaTeX Error: Invalid UTF-8 byte "86.

See the LaTeX manual or LaTeX Companion for explanation.
Type  H <return>  for immediate help.
 ...                                              
                                                  
l.39 		\end{gather}
                   
The document does not appear to be in UTF-8 encoding.
Try adding \UseRawInputEncoding as the first line of the file
or specify an encoding such as \usepackage [latin1]{inputenc}
in the document preamble.
Alternatively, save the file in UTF-8 using your editor or another tool


! LaTeX Error: Unicode character ̃ (U+0303)
               not set up for use with LaTeX.

See the LaTeX manual or LaTeX Companion for explanation.
Type  H <return>  for immediate help.
 ...                                              
                                                  
l.39 		\end{gather}
                   
You may provide a definition with
\DeclareUnicodeCharacter 

Package cleveref Info: loaded `ngerman' language definitions on input line 39.
[27 <./images/BNMT-Model.png>]

LaTeX Warning: Command \^ invalid in math mode on input line 44.

! Please use \mathaccent for accents in math mode.
\add@accent ... \let \ignorespaces \relax \accent 
                                                  #1 #2\egroup \ifmmode \els...
l.44 ...u führt, dass das \textit{t}-te Wort $\^y
                                                  _t$ prognostiziert werden ...
I'm changing \accent to \mathaccent here; wish me luck.
(Accents are not the same in formulas as they are in text.)

Package cleveref Info: loaded `ngerman' language definitions on input line 69.
[28
pdfTeX warning (ext4): destination with the same identifier (name{equation.6.1.
1}) has been already used, duplicate ignored
<argument> ...shipout:D \box_use:N \l_shipout_box 
                                                  \__shipout_drop_firstpage_...
l.69 
     
pdfTeX warning (ext4): destination with the same identifier (name{equation.6.1.
2}) has been already used, duplicate ignored
<argument> ...shipout:D \box_use:N \l_shipout_box 
                                                  \__shipout_drop_firstpage_...
l.69 
     ]
Package cleveref Info: loaded `ngerman' language definitions on input line 95.
 [29]
Package cleveref Info: loaded `ngerman' language definitions on input line 141.

 [30]
<images/NMT_lr1e-4_Ausgabe.png, id=698, 572.1375pt x 204.01219pt>
File: images/NMT_lr1e-4_Ausgabe.png Graphic file (type png)
<use images/NMT_lr1e-4_Ausgabe.png>
Package pdftex.def Info: images/NMT_lr1e-4_Ausgabe.png  used on input line 147.

(pdftex.def)             Requested size: 400.49352pt x 142.80756pt.
<images/NMT_lr1e-3_Ausgabe.png, id=703, 570.63188pt x 206.27063pt>
File: images/NMT_lr1e-3_Ausgabe.png Graphic file (type png)
<use images/NMT_lr1e-3_Ausgabe.png>
Package pdftex.def Info: images/NMT_lr1e-3_Ausgabe.png  used on input line 160.

(pdftex.def)             Requested size: 399.43959pt x 144.38844pt.
Package cleveref Info: loaded `ngerman' language definitions on input line 173.

 [31 <./images/NMT_lr1e-4_Ausgabe.png>]
Overfull \hbox (4.02406pt too wide) in paragraph at lines 186--187
[]\OT1/cmr/m/n/12 Eine sol-che Zer-le-gung kann im De-co-der mit Hil-fe von Rec
urrent-Neural-Networks
 []

Package cleveref Info: loaded `ngerman' language definitions on input line 187.

[32 <./images/NMT_lr1e-3_Ausgabe.png>]
<images/NMT-Model.png, id=724, 260.47313pt x 232.61906pt>
File: images/NMT-Model.png Graphic file (type png)
<use images/NMT-Model.png>
Package pdftex.def Info: images/NMT-Model.png  used on input line 192.
(pdftex.def)             Requested size: 221.4032pt x 197.72713pt.
Package cleveref Info: loaded `ngerman' language definitions on input line 209.

 [33 <./images/NMT-Model.png>]
Package cleveref Info: loaded `ngerman' language definitions on input line 245.

 [34]
Overfull \hbox (8.28079pt too wide) in paragraph at lines 272--273
\OT1/cmr/m/n/12 Modelle mit un-ter-schied-li-chen Score-Funktionen und ein NMT-
Modell (Transformer-
 []

Package cleveref Info: loaded `ngerman' language definitions on input line 274.

[35]
<images/slm_1e-3_100EP_v5.png, id=785, 462.528pt x 346.896pt>
File: images/slm_1e-3_100EP_v5.png Graphic file (type png)
<use images/slm_1e-3_100EP_v5.png>
Package pdftex.def Info: images/slm_1e-3_100EP_v5.png  used on input line 301.
(pdftex.def)             Requested size: 254.39117pt x 190.79338pt.
<images/bslm_bahdanau_1e_3_100EP.png, id=786, 462.528pt x 346.896pt>
File: images/bslm_bahdanau_1e_3_100EP.png Graphic file (type png)
<use images/bslm_bahdanau_1e_3_100EP.png>
Package pdftex.def Info: images/bslm_bahdanau_1e_3_100EP.png  used on input lin
e 307.
(pdftex.def)             Requested size: 254.39117pt x 190.79338pt.
<images/bslm_luong_100EP_1e-3.png, id=787, 462.528pt x 346.896pt>
File: images/bslm_luong_100EP_1e-3.png Graphic file (type png)
<use images/bslm_luong_100EP_1e-3.png>
Package pdftex.def Info: images/bslm_luong_100EP_1e-3.png  used on input line 3
13.
(pdftex.def)             Requested size: 254.39117pt x 190.79338pt.
Package cleveref Info: loaded `ngerman' language definitions on input line 325.

 [36]
Package cleveref Info: loaded `ngerman' language definitions on input line 325.

 [37 <./images/slm_1e-3_100EP_v5.png> <./images/bslm_bahdanau_1e_3_100EP.png> <
./images/bslm_luong_100EP_1e-3.png>]
<images/slm_1e-4_101EP.png, id=808, 462.528pt x 346.896pt>
File: images/slm_1e-4_101EP.png Graphic file (type png)
<use images/slm_1e-4_101EP.png>
Package pdftex.def Info: images/slm_1e-4_101EP.png  used on input line 333.
(pdftex.def)             Requested size: 254.39117pt x 190.79338pt.
<images/bslm_bahdanau_1e_4_100EP.png, id=809, 462.528pt x 346.896pt>
File: images/bslm_bahdanau_1e_4_100EP.png Graphic file (type png)
<use images/bslm_bahdanau_1e_4_100EP.png>
Package pdftex.def Info: images/bslm_bahdanau_1e_4_100EP.png  used on input lin
e 339.
(pdftex.def)             Requested size: 254.39117pt x 190.79338pt.
<images/bslm_luong_100EP_1e-4.png, id=810, 462.528pt x 346.896pt>
File: images/bslm_luong_100EP_1e-4.png Graphic file (type png)
<use images/bslm_luong_100EP_1e-4.png>
Package pdftex.def Info: images/bslm_luong_100EP_1e-4.png  used on input line 3
48.
(pdftex.def)             Requested size: 254.39117pt x 190.79338pt.
Package cleveref Info: loaded `ngerman' language definitions on input line 356.

 [38 <./images/slm_1e-4_101EP.png> <./images/bslm_bahdanau_1e_4_100EP.png>]
! Missing number, treated as zero.
<to be read again> 
                   }
l.365 	\begin{figure}[H]{\textwidth}
                                    
A number should have been here; I inserted `0'.
(If you can't figure out why I needed to see a number,
look up `weird error' in the index to The TeXbook.)

! Illegal unit of measure (pt inserted).
<to be read again> 
                   }
l.365 	\begin{figure}[H]{\textwidth}
                                    
Dimensions can be in units of em, ex, in, pt, pc,
cm, mm, dd, cc, nd, nc, bp, or sp; but yours is a new one!
I'll assume that you meant to say pt, for printer's points.
To recover gracefully from this error, it's best to
delete the erroneous units; e.g., type `2' to delete
two letters. (See Chapter 27 of The TeXbook.)

<images/slm_101EP.png, id=824, 462.528pt x 346.896pt>
File: images/slm_101EP.png Graphic file (type png)
<use images/slm_101EP.png>
Package pdftex.def Info: images/slm_101EP.png  used on input line 367.
(pdftex.def)             Requested size: 254.39117pt x 190.79338pt.
<images/bslm_bahdanau_2e_5_100EP_v4.png, id=825, 462.528pt x 346.896pt>
File: images/bslm_bahdanau_2e_5_100EP_v4.png Graphic file (type png)
<use images/bslm_bahdanau_2e_5_100EP_v4.png>
Package pdftex.def Info: images/bslm_bahdanau_2e_5_100EP_v4.png  used on input 
line 375.
(pdftex.def)             Requested size: 254.39117pt x 190.79338pt.
<images/bslm_luong_100EP_2e-5_V4.png, id=826, 462.528pt x 346.896pt>
File: images/bslm_luong_100EP_2e-5_V4.png Graphic file (type png)
<use images/bslm_luong_100EP_2e-5_V4.png>
Package pdftex.def Info: images/bslm_luong_100EP_2e-5_V4.png  used on input lin
e 381.
(pdftex.def)             Requested size: 254.39117pt x 190.79338pt.
Package cleveref Info: loaded `ngerman' language definitions on input line 389.

[39 <./images/bslm_luong_100EP_1e-4.png> <./images/slm_101EP.png>]
Package cleveref Info: loaded `ngerman' language definitions on input line 398.

 [40 <./images/bslm_bahdanau_2e_5_100EP_v4.png> <./images/bslm_luong_100EP_2e-5
_V4.png>]
! Missing number, treated as zero.
<to be read again> 
                   \global 
l.410 ..., 'Die', 'Natur', 'ist', 'sehr', 'schön'
                                                  , 'und', 'die', 'Luft', 'i...
A number should have been here; I inserted `0'.
(If you can't figure out why I needed to see a number,
look up `weird error' in the index to The TeXbook.)

! Missing number, treated as zero.
<to be read again> 
                   \global 
l.410 ...', 'sehr', 'frisch', '.', 'Ich', 'fühle'
                                                  , 'keine', 'Probleme', 'hi...
A number should have been here; I inserted `0'.
(If you can't figure out why I needed to see a number,
look up `weird error' in the index to The TeXbook.)

! Missing number, treated as zero.
<to be read again> 
                   \global 
l.410 ... 'Probleme', 'hier', '.', 'Ich', 'fühle'
                                                  , 'mich', 'auch', 'frei', ...
A number should have been here; I inserted `0'.
(If you can't figure out why I needed to see a number,
look up `weird error' in the index to The TeXbook.)

Package cleveref Info: loaded `ngerman' language definitions on input line 432.

[41]
! Missing number, treated as zero.
<to be read again> 
                   \global 
l.432 ..., 'Die', 'Natur', 'ist', 'sehr', 'schön'
                                                  , 'und', 'die', 'Luft', 'i...
A number should have been here; I inserted `0'.
(If you can't figure out why I needed to see a number,
look up `weird error' in the index to The TeXbook.)

! Missing number, treated as zero.
<to be read again> 
                   \global 
l.432 ...', 'sehr', 'frisch', '.', 'Ich', 'fühle'
                                                  , 'keine', 'Probleme', 'hi...
A number should have been here; I inserted `0'.
(If you can't figure out why I needed to see a number,
look up `weird error' in the index to The TeXbook.)

! Missing number, treated as zero.
<to be read again> 
                   \global 
l.432 ... 'Probleme', 'hier', '.', 'Ich', 'fühle'
                                                  , 'mich', 'auch', 'frei', ...
A number should have been here; I inserted `0'.
(If you can't figure out why I needed to see a number,
look up `weird error' in the index to The TeXbook.)

! Missing number, treated as zero.
<to be read again> 
                   \global 
l.440 ..., 'Die', 'Natur', 'ist', 'sehr', 'schön'
                                                  , 'und', 'die', 'Luft', 'i...
A number should have been here; I inserted `0'.
(If you can't figure out why I needed to see a number,
look up `weird error' in the index to The TeXbook.)

! Missing number, treated as zero.
<to be read again> 
                   \global 
l.440 ...', 'sehr', 'frisch', '.', 'Ich', 'fühle'
                                                  , 'keine', 'Probleme', 'hi...
A number should have been here; I inserted `0'.
(If you can't figure out why I needed to see a number,
look up `weird error' in the index to The TeXbook.)

! Missing number, treated as zero.
<to be read again> 
                   \global 
l.440 ... 'Probleme', 'hier', '.', 'Ich', 'fühle'
                                                  , 'mich', 'auch', 'frei', ...
A number should have been here; I inserted `0'.
(If you can't figure out why I needed to see a number,
look up `weird error' in the index to The TeXbook.)

<images/bslm_bahdanau_2e_5_50EP_P3.png, id=883, 462.528pt x 346.896pt>
File: images/bslm_bahdanau_2e_5_50EP_P3.png Graphic file (type png)
<use images/bslm_bahdanau_2e_5_50EP_P3.png>
Package pdftex.def Info: images/bslm_bahdanau_2e_5_50EP_P3.png  used on input l
ine 449.
(pdftex.def)             Requested size: 254.39117pt x 190.79338pt.
<images/bslm_luong_50PT3_2e-5.png, id=884, 462.528pt x 346.896pt>
File: images/bslm_luong_50PT3_2e-5.png Graphic file (type png)
<use images/bslm_luong_50PT3_2e-5.png>
Package pdftex.def Info: images/bslm_luong_50PT3_2e-5.png  used on input line 4
55.
(pdftex.def)             Requested size: 254.39117pt x 190.79338pt.
Package cleveref Info: loaded `ngerman' language definitions on input line 459.

[42 <./images/bslm_bahdanau_2e_5_50EP_P3.png>]

! Package caption Error: \caption outside float.

See the caption package documentation for explanation.
Type  H <return>  for immediate help.
 ...                                              
                                                  
l.460 	\caption
               {Fehlerwerte bei den Tests mit der Lernrate 0.00001}
If you do not understand this error, please take a closer look
at the documentation of the `caption' package, especially the
section about errors.
Try typing  <return>  to proceed.
If that doesn't work, type  X <return>  to quit.

Package cleveref Info: loaded `ngerman' language definitions on input line 479.

[43 <./images/bslm_luong_50PT3_2e-5.png>]
<images/bleu_scores_4.png, id=918, 722.7pt x 578.16pt>
File: images/bleu_scores_4.png Graphic file (type png)
<use images/bleu_scores_4.png>
Package pdftex.def Info: images/bleu_scores_4.png  used on input line 484.
(pdftex.def)             Requested size: 397.48622pt x 317.98898pt.
Package cleveref Info: loaded `ngerman' language definitions on input line 499.

 [44 <./images/bleu_scores_4.png>]
<images/bleu_scores_unseen_4.png, id=936, 722.7pt x 578.16pt>
File: images/bleu_scores_unseen_4.png Graphic file (type png)
<use images/bleu_scores_unseen_4.png>
Package pdftex.def Info: images/bleu_scores_unseen_4.png  used on input line 51
5.
(pdftex.def)             Requested size: 397.48622pt x 317.98898pt.
Package cleveref Info: loaded `ngerman' language definitions on input line 521.


[45 <./images/bleu_scores_unseen_4.png>])
(C:\Users\Vladislav\AppData\Local\Programs\MiKTeX\tex/latex/base\latin1.def
File: latin1.def 2021/02/14 v1.3d Input encoding file
)
(chapters/ZusammenfassungAusblick.tex
Package cleveref Info: loaded `ngerman' language definitions on input line 1.
 [46]
Kapitel 7.
) (C:\Users\Vladislav\AppData\Local\Programs\MiKTeX\tex/latex/base\utf8.def
File: utf8.def 2021/06/21 v1.2n UTF-8 support
)
[47


] (vorlage.bbl [48




])
No file vorlage.ind.
Package cleveref Info: loaded `ngerman' language definitions on input line 147.

[49]
\openout2 = `chapters/Selbststaendigkeitserklaerung.aux'.

 (chapters/Selbststaendigkeitserklaerung.tex
(C:\Users\Vladislav\AppData\Local\Programs\MiKTeX\tex/latex/base\latin1.def
File: latin1.def 2021/02/14 v1.3d Input encoding file
)
! Missing \endcsname inserted.
<to be read again> 
                   \Box 
l.4 \begin{description}[$\Box$~]
                                
The control sequence marked <to be read again> should
not appear between \csname and \endcsname.

! Missing $ inserted.
<inserted text> 
                $
l.4 \begin{description}[$\Box$~]
                                
I've inserted a begin-math/end-math symbol since I think
you left one out. Proceed, with fingers crossed.

! Extra \endcsname.
\enitkv@split ...enitkv@prefix \@tempa \endcsname 
                                                  \ifx \@tempc \relax \enitk...
l.4 \begin{description}[$\Box$~]
                                
I'm ignoring this, since I wasn't doing a \csname.

! Missing \endcsname inserted.
<to be read again> 
                   \Box 
l.4 \begin{description}[$\Box$~]
                                
The control sequence marked <to be read again> should
not appear between \csname and \endcsname.

! Missing \endcsname inserted.
<to be read again> 
                   \Box 
l.4 \begin{description}[$\Box$~]
                                
The control sequence marked <to be read again> should
not appear between \csname and \endcsname.

! Missing $ inserted.
<inserted text> 
                $
l.4 \begin{description}[$\Box$~]
                                
I've inserted a begin-math/end-math symbol since I think
you left one out. Proceed, with fingers crossed.

! Extra \endcsname.
\enitkv@split ...enitkv@prefix \@tempa \endcsname 
                                                  \ifx \@tempc \relax \enitk...
l.4 \begin{description}[$\Box$~]
                                
I'm ignoring this, since I wasn't doing a \csname.

! Missing \endcsname inserted.
<to be read again> 
                   \Box 
l.4 \begin{description}[$\Box$~]
                                
The control sequence marked <to be read again> should
not appear between \csname and \endcsname.


! Package enumitem Error: $\Box $~ undefined.

See the enumitem package documentation for explanation.
Type  H <return>  for immediate help.
 ...                                              
                                                  
l.4 \begin{description}[$\Box$~]
                                
Try typing  <return>  to proceed.
If that doesn't work, type  X <return>  to quit.


Underfull \hbox (badness 10000) in paragraph at lines 5--6

 []


Underfull \hbox (badness 10000) in paragraph at lines 7--9

 []


Underfull \hbox (badness 10000) in paragraph at lines 10--11

 []

) [50



] (vorlage.aux
Package cleveref Info: loaded `ngerman' language definitions on input line 23.
Package cleveref Info: loaded `ngerman' language definitions on input line 24.
 (chapters/Word2Vec.aux)
! Missing \endcsname inserted.
<to be read again> 
                   \protect 
l.223 ....3}{29}{BNMT\_Decoder}{lstlisting.6.3}{}}
                                                  
The control sequence marked <to be read again> should
not appear between \csname and \endcsname.

! Extra \endcsname.
\@newl@bel ... \bbl@tempa \csname #1@#2\endcsname 
                                                  \def \bbl@tempb {#3}\@safe...
l.223 ....3}{29}{BNMT\_Decoder}{lstlisting.6.3}{}}
                                                  
I'm ignoring this, since I wasn't doing a \csname.

! Missing \endcsname inserted.
<to be read again> 
                   \protect 
l.224 ...@cref}{{[listing][3][6]6.3}{[1][29][]29}}
                                                  
The control sequence marked <to be read again> should
not appear between \csname and \endcsname.

! Extra \endcsname.
\@newl@bel ... \bbl@tempa \csname #1@#2\endcsname 
                                                  \def \bbl@tempb {#3}\@safe...
l.224 ...@cref}{{[listing][3][6]6.3}{[1][29][]29}}
                                                  
I'm ignoring this, since I wasn't doing a \csname.

(chapters/Selbststaendigkeitserklaerung.aux))

LaTeX Warning: There were multiply-defined labels.

Package rerunfilecheck Info: File `vorlage.out' has not changed.
(rerunfilecheck)             Checksum: C83A6EEBB3E228D41901AFD52973088A;5408.

Overfull \hbox (147.65477pt too wide) in paragraph at lines 223--151
[][]\OT1/cmr/m/n/12 Decoder []Decoder@cref                                     
                                                                               
                                                 
 []

 )
(\end occurred when \ifnum on line 440 was incomplete)
(\end occurred when \iftrue on line 440 was incomplete)
(\end occurred when \ifnum on line 440 was incomplete)
(\end occurred when \iftrue on line 440 was incomplete)
(\end occurred when \ifnum on line 440 was incomplete)
(\end occurred when \iftrue on line 440 was incomplete)
(\end occurred when \ifnum on line 432 was incomplete)
(\end occurred when \iftrue on line 432 was incomplete)
(\end occurred when \ifnum on line 432 was incomplete)
(\end occurred when \iftrue on line 432 was incomplete)
(\end occurred when \ifnum on line 432 was incomplete)
(\end occurred when \iftrue on line 432 was incomplete)
(\end occurred when \ifnum on line 410 was incomplete)
(\end occurred when \iftrue on line 410 was incomplete)
(\end occurred when \ifnum on line 410 was incomplete)
(\end occurred when \iftrue on line 410 was incomplete)
(\end occurred when \ifnum on line 410 was incomplete)
(\end occurred when \iftrue on line 410 was incomplete) 
Here is how much of TeX's memory you used:
 19478 strings out of 478659
 330805 string characters out of 2844024
 1054328 words of memory out of 3000000
 36828 multiletter control sequences out of 15000+600000
 412349 words of font info for 59 fonts, out of 8000000 for 9000
 1146 hyphenation exceptions out of 8191
 60i,10n,63p,1951b,2562s stack positions out of 5000i,500n,10000p,200000b,80000s
 <C:\Users\Vladislav\App
Data\Local\MiKTeX\fonts/pk/ljfour/jknappen/ec/dpi600\tcrm1200.pk><C:/Users/Vlad
islav/AppData/Local/Programs/MiKTeX/fonts/type1/public/amsfonts/cm/cmbx12.pfb><
C:/Users/Vladislav/AppData/Local/Programs/MiKTeX/fonts/type1/public/amsfonts/cm
/cmcsc10.pfb><C:/Users/Vladislav/AppData/Local/Programs/MiKTeX/fonts/type1/publ
ic/amsfonts/cm/cmex10.pfb><C:/Users/Vladislav/AppData/Local/Programs/MiKTeX/fon
ts/type1/public/amsfonts/cmextra/cmex7.pfb><C:/Users/Vladislav/AppData/Local/Pr
ograms/MiKTeX/fonts/type1/public/amsfonts/cm/cmmi12.pfb><C:/Users/Vladislav/App
Data/Local/Programs/MiKTeX/fonts/type1/public/amsfonts/cm/cmmi6.pfb><C:/Users/V
ladislav/AppData/Local/Programs/MiKTeX/fonts/type1/public/amsfonts/cm/cmmi8.pfb
><C:/Users/Vladislav/AppData/Local/Programs/MiKTeX/fonts/type1/public/amsfonts/
cm/cmr12.pfb><C:/Users/Vladislav/AppData/Local/Programs/MiKTeX/fonts/type1/publ
ic/amsfonts/cm/cmr17.pfb><C:/Users/Vladislav/AppData/Local/Programs/MiKTeX/font
s/type1/public/amsfonts/cm/cmr6.pfb><C:/Users/Vladislav/AppData/Local/Programs/
MiKTeX/fonts/type1/public/amsfonts/cm/cmr8.pfb><C:/Users/Vladislav/AppData/Loca
l/Programs/MiKTeX/fonts/type1/public/amsfonts/cm/cmr9.pfb><C:/Users/Vladislav/A
ppData/Local/Programs/MiKTeX/fonts/type1/public/amsfonts/cm/cmsy10.pfb><C:/User
s/Vladislav/AppData/Local/Programs/MiKTeX/fonts/type1/public/amsfonts/cm/cmsy6.
pfb><C:/Users/Vladislav/AppData/Local/Programs/MiKTeX/fonts/type1/public/amsfon
ts/cm/cmsy8.pfb><C:/Users/Vladislav/AppData/Local/Programs/MiKTeX/fonts/type1/p
ublic/amsfonts/cm/cmti12.pfb><C:/Users/Vladislav/AppData/Local/Programs/MiKTeX/
fonts/type1/public/amsfonts/cm/cmtt12.pfb><C:/Users/Vladislav/AppData/Local/Pro
grams/MiKTeX/fonts/type1/public/amsfonts/symbols/msam10.pfb><C:/Users/Vladislav
/AppData/Local/Programs/MiKTeX/fonts/type1/public/amsfonts/symbols/msbm10.pfb>
Output written on vorlage.pdf (55 pages, 1086316 bytes).
PDF statistics:
 1152 PDF objects out of 1200 (max. 8388607)
 427 named destinations out of 1000 (max. 500000)
 388 words of extra memory for PDF output out of 10000 (max. 10000000)

